2025-05-20 21:20:59,928:__main__:INFO: Args: Namespace(train_file='RNNG-train.json', val_file='RNNG-val.json', train_from='', sp_model='', fixed_stack=True, strategy='top_down', w_dim=256, h_dim=256, num_layers=2, dropout=0.2, composition='lstm', not_swap_in_order_stack=False, batch_group='random', max_group_length_diff=20, group_sentence_size=1024, optimizer='adam', lr_scheduler=None, plateau_lr_decay=0.5, plateau_lr_patience=1, warmup_steps=10000, random_unk=False, batch_size=256, batch_token_size=15000, batch_action_size=45000, save_path='/localscratch/jairiley.61554650.0/rnng_pos.pt', num_epochs=10, min_epochs=8, lr=0.01, loss_normalize='batch', param_init=0, max_grad_norm=5.0, gpu=0, device='cuda', seed=3435, print_every=500, valid_every=-1, tensorboard_log_dir='', amp=False, early_stop=False, early_stop_patience=5)
2025-05-20 21:21:06,558:__main__:INFO: Train: 79100 sents / 309 batches, Val: 8219 sents / 65 batches
2025-05-20 21:21:06,560:__main__:INFO: Vocab size: 46
2025-05-20 21:21:14,530:__main__:INFO: model architecture
2025-05-20 21:21:14,532:__main__:INFO: FixedStackRNNG(
  (action_criterion): CrossEntropyLoss()
  (word_criterion): CrossEntropyLoss()
  (dropout): Dropout(p=0.2, inplace=True)
  (emb): Sequential(
    (0): Embedding(46, 256, padding_idx=0)
    (1): Dropout(p=0.2, inplace=True)
  )
  (rnng): RNNGCell(
    (dropout): Dropout(p=0.2, inplace=True)
    (nt_emb): Sequential(
      (0): Embedding(26, 256)
      (1): Dropout(p=0.2, inplace=True)
    )
    (stack_rnn): MultiLayerLSTMCell(
      (lstm): ModuleList(
        (0-1): 2 x LSTMCell(256, 256)
      )
      (dropout_layer): Dropout(p=0.2, inplace=True)
    )
    (output): Sequential(
      (0): Dropout(p=0.2, inplace=True)
      (1): Linear(in_features=256, out_features=256, bias=True)
      (2): ReLU()
    )
    (composition): LSTMComposition(
      (rnn): LSTM(256, 256, batch_first=True, bidirectional=True)
      (output): Sequential(
        (0): Dropout(p=0.2, inplace=True)
        (1): Linear(in_features=512, out_features=256, bias=True)
        (2): ReLU()
      )
    )
    (initial_emb): Sequential(
      (0): Embedding(1, 256)
      (1): Dropout(p=0.2, inplace=True)
    )
  )
  (vocab_mlp): Linear(in_features=256, out_features=46, bias=True)
  (action_mlp): Linear(in_features=256, out_features=29, bias=True)
)
2025-05-20 21:21:14,533:__main__:INFO: Model total parameters: 2328651
2025-05-20 21:21:14,533:__main__:INFO: --------------------------------
2025-05-20 21:21:14,533:__main__:INFO: Checking training perplexity...
2025-05-20 21:23:54,442:__main__:INFO: PPL: 32.426881, Loss: 73599.640676, ActionPPL: 28.050954, WordPPL: 47.310776
2025-05-20 21:23:54,473:__main__:INFO: --------------------------------
2025-05-20 21:23:54,474:__main__:INFO: Checking validation perplexity...
2025-05-20 21:24:13,107:__main__:INFO: PPL: 32.424026, Loss: 36481.775945, ActionPPL: 28.048073, WordPPL: 47.209677
2025-05-20 21:24:13,109:__main__:INFO: --------------------------------
2025-05-20 21:24:13,110:__main__:INFO: Saving checkpoint to /localscratch/jairiley.61554650.0/rnng_pos.pt
2025-05-20 21:24:13,126:__main__:INFO: Starting epoch 1
2025-05-20 21:31:03,289:__main__:INFO: Epoch: 1, Batch: 309/309, LR: 0.0100, ActionPPL: 1.81, WordPPL: 3.22, PPL: 2.122859, LL: 4920849.84765625, |Param|: 298.03, E[batch size]: 255.98705501618122, Throughput: 192.85 examples/sec
2025-05-20 21:31:03,297:__main__:INFO: --------------------------------
2025-05-20 21:31:03,297:__main__:INFO: Checking training perplexity...
2025-05-20 21:33:50,593:__main__:INFO: PPL: 1.846250, Loss: 12971.615748, ActionPPL: 1.623486, WordPPL: 2.581092
2025-05-20 21:33:50,633:__main__:INFO: --------------------------------
2025-05-20 21:33:50,633:__main__:INFO: Checking validation perplexity...
2025-05-20 21:34:10,169:__main__:INFO: PPL: 1.840414, Loss: 6396.716880, ActionPPL: 1.620920, WordPPL: 2.557647
2025-05-20 21:34:10,171:__main__:INFO: --------------------------------
2025-05-20 21:34:10,172:__main__:INFO: Saving checkpoint to /localscratch/jairiley.61554650.0/rnng_pos.pt
2025-05-20 21:34:10,288:__main__:INFO: Starting epoch 2
2025-05-20 21:41:00,270:__main__:INFO: Epoch: 2, Batch: 309/309, LR: 0.0100, ActionPPL: 1.63, WordPPL: 2.59, PPL: 1.854130, LL: 4036070.9326171875, |Param|: 411.34, E[batch size]: 255.98705501618122, Throughput: 192.94 examples/sec
2025-05-20 21:41:00,613:__main__:INFO: --------------------------------
2025-05-20 21:41:00,613:__main__:INFO: Checking training perplexity...
2025-05-20 21:43:49,498:__main__:INFO: PPL: 1.823088, Loss: 12704.536708, ActionPPL: 1.609259, WordPPL: 2.523448
2025-05-20 21:43:49,512:__main__:INFO: --------------------------------
2025-05-20 21:43:49,512:__main__:INFO: Checking validation perplexity...
2025-05-20 21:44:09,193:__main__:INFO: PPL: 1.818337, Loss: 6270.163274, ActionPPL: 1.608166, WordPPL: 2.499818
2025-05-20 21:44:09,198:__main__:INFO: --------------------------------
2025-05-20 21:44:09,198:__main__:INFO: Saving checkpoint to /localscratch/jairiley.61554650.0/rnng_pos.pt
2025-05-20 21:44:09,315:__main__:INFO: Starting epoch 3
2025-05-20 21:50:51,876:__main__:INFO: Epoch: 3, Batch: 309/309, LR: 0.0100, ActionPPL: 1.62, WordPPL: 2.56, PPL: 1.840592, LL: 3988166.4375, |Param|: 497.23, E[batch size]: 255.98705501618122, Throughput: 196.49 examples/sec
2025-05-20 21:50:51,910:__main__:INFO: --------------------------------
2025-05-20 21:50:51,911:__main__:INFO: Checking training perplexity...
2025-05-20 21:53:37,835:__main__:INFO: PPL: 1.815872, Loss: 12620.628824, ActionPPL: 1.605877, WordPPL: 2.501292
2025-05-20 21:53:37,840:__main__:INFO: --------------------------------
2025-05-20 21:53:37,840:__main__:INFO: Checking validation perplexity...
2025-05-20 21:53:57,050:__main__:INFO: PPL: 1.812130, Loss: 6234.307318, ActionPPL: 1.604893, WordPPL: 2.482380
2025-05-20 21:53:57,058:__main__:INFO: --------------------------------
2025-05-20 21:53:57,059:__main__:INFO: Saving checkpoint to /localscratch/jairiley.61554650.0/rnng_pos.pt
2025-05-20 21:53:57,174:__main__:INFO: Starting epoch 4
2025-05-20 22:00:42,028:__main__:INFO: Epoch: 4, Batch: 309/309, LR: 0.0100, ActionPPL: 1.62, WordPPL: 2.54, PPL: 1.833669, LL: 3963532.943359375, |Param|: 569.77, E[batch size]: 255.98705501618122, Throughput: 195.38 examples/sec
2025-05-20 22:00:42,169:__main__:INFO: --------------------------------
2025-05-20 22:00:42,169:__main__:INFO: Checking training perplexity...
2025-05-20 22:03:25,653:__main__:INFO: PPL: 1.811577, Loss: 12570.533691, ActionPPL: 1.602685, WordPPL: 2.492919
2025-05-20 22:03:25,668:__main__:INFO: --------------------------------
2025-05-20 22:03:25,668:__main__:INFO: Checking validation perplexity...
2025-05-20 22:03:44,814:__main__:INFO: PPL: 1.809165, Loss: 6217.135666, ActionPPL: 1.603872, WordPPL: 2.471896
2025-05-20 22:03:44,816:__main__:INFO: --------------------------------
2025-05-20 22:03:44,817:__main__:INFO: Saving checkpoint to /localscratch/jairiley.61554650.0/rnng_pos.pt
2025-05-20 22:03:44,931:__main__:INFO: Starting epoch 5
2025-05-20 22:10:23,110:__main__:INFO: Epoch: 5, Batch: 309/309, LR: 0.0100, ActionPPL: 1.62, WordPPL: 2.53, PPL: 1.829912, LL: 3950125.8090820312, |Param|: 637.86, E[batch size]: 255.98705501618122, Throughput: 198.65 examples/sec
2025-05-20 22:10:23,142:__main__:INFO: --------------------------------
2025-05-20 22:10:23,142:__main__:INFO: Checking training perplexity...
2025-05-20 22:13:03,135:__main__:INFO: PPL: 1.807678, Loss: 12524.958610, ActionPPL: 1.599438, WordPPL: 2.486735
2025-05-20 22:13:03,184:__main__:INFO: --------------------------------
2025-05-20 22:13:03,184:__main__:INFO: Checking validation perplexity...
2025-05-20 22:13:21,839:__main__:INFO: PPL: 1.805946, Loss: 6198.456661, ActionPPL: 1.601167, WordPPL: 2.466902
2025-05-20 22:13:21,842:__main__:INFO: --------------------------------
2025-05-20 22:13:21,842:__main__:INFO: Saving checkpoint to /localscratch/jairiley.61554650.0/rnng_pos.pt
2025-05-20 22:13:21,950:__main__:INFO: Starting epoch 6
2025-05-20 22:19:59,792:__main__:INFO: Epoch: 6, Batch: 309/309, LR: 0.0100, ActionPPL: 1.61, WordPPL: 2.53, PPL: 1.828131, LL: 3943760.1352539062, |Param|: 706.73, E[batch size]: 255.98705501618122, Throughput: 198.82 examples/sec
2025-05-20 22:19:59,840:__main__:INFO: --------------------------------
2025-05-20 22:19:59,841:__main__:INFO: Checking training perplexity...
2025-05-20 22:22:40,894:__main__:INFO: PPL: 1.806415, Loss: 12510.169192, ActionPPL: 1.599835, WordPPL: 2.478870
2025-05-20 22:22:40,922:__main__:INFO: --------------------------------
2025-05-20 22:22:40,922:__main__:INFO: Checking validation perplexity...
2025-05-20 22:22:59,804:__main__:INFO: PPL: 1.805778, Loss: 6197.481654, ActionPPL: 1.601586, WordPPL: 2.464405
2025-05-20 22:22:59,806:__main__:INFO: --------------------------------
2025-05-20 22:22:59,806:__main__:INFO: Saving checkpoint to /localscratch/jairiley.61554650.0/rnng_pos.pt
2025-05-20 22:22:59,921:__main__:INFO: Starting epoch 7
2025-05-20 22:29:37,804:__main__:INFO: Epoch: 7, Batch: 309/309, LR: 0.0100, ActionPPL: 1.62, WordPPL: 2.53, PPL: 1.828643, LL: 3945588.5180664062, |Param|: 789.75, E[batch size]: 255.98705501618122, Throughput: 198.80 examples/sec
2025-05-20 22:29:37,841:__main__:INFO: --------------------------------
2025-05-20 22:29:37,841:__main__:INFO: Checking training perplexity...
2025-05-20 22:32:18,180:__main__:INFO: PPL: 1.810546, Loss: 12558.491045, ActionPPL: 1.602729, WordPPL: 2.487626
2025-05-20 22:32:18,184:__main__:INFO: --------------------------------
2025-05-20 22:32:18,184:__main__:INFO: Checking validation perplexity...
2025-05-20 22:32:36,974:__main__:INFO: PPL: 1.810874, Loss: 6227.033820, ActionPPL: 1.605285, WordPPL: 2.474637
2025-05-20 22:32:36,976:__main__:INFO: --------------------------------
2025-05-20 22:32:36,976:__main__:INFO: Starting epoch 8
2025-05-20 22:39:15,371:__main__:INFO: Epoch: 8, Batch: 309/309, LR: 0.0100, ActionPPL: 1.62, WordPPL: 2.54, PPL: 1.833496, LL: 3962914.1748046875, |Param|: 881.90, E[batch size]: 255.98705501618122, Throughput: 198.55 examples/sec
2025-05-20 22:39:15,466:__main__:INFO: --------------------------------
2025-05-20 22:39:15,466:__main__:INFO: Checking training perplexity...
2025-05-20 22:41:55,937:__main__:INFO: PPL: 1.813253, Loss: 12590.104325, ActionPPL: 1.605142, WordPPL: 2.491281
2025-05-20 22:41:55,971:__main__:INFO: --------------------------------
2025-05-20 22:41:55,972:__main__:INFO: Checking validation perplexity...
2025-05-20 22:42:14,921:__main__:INFO: PPL: 1.813090, Loss: 6239.860576, ActionPPL: 1.607529, WordPPL: 2.476550
2025-05-20 22:42:14,923:__main__:INFO: --------------------------------
2025-05-20 22:42:14,923:__main__:INFO: Starting epoch 9
2025-05-20 22:48:52,611:__main__:INFO: Epoch: 9, Batch: 309/309, LR: 0.0100, ActionPPL: 1.62, WordPPL: 2.54, PPL: 1.835393, LL: 3969675.6928710938, |Param|: 930.69, E[batch size]: 255.98705501618122, Throughput: 198.90 examples/sec
2025-05-20 22:48:52,655:__main__:INFO: --------------------------------
2025-05-20 22:48:52,655:__main__:INFO: Checking training perplexity...
2025-05-20 22:51:33,065:__main__:INFO: PPL: 1.812661, Loss: 12583.189911, ActionPPL: 1.604271, WordPPL: 2.491868
2025-05-20 22:51:33,085:__main__:INFO: --------------------------------
2025-05-20 22:51:33,085:__main__:INFO: Checking validation perplexity...
2025-05-20 22:51:51,798:__main__:INFO: PPL: 1.813146, Loss: 6240.183358, ActionPPL: 1.606406, WordPPL: 2.481313
2025-05-20 22:51:51,800:__main__:INFO: --------------------------------
2025-05-20 22:51:51,800:__main__:INFO: Starting epoch 10
2025-05-20 22:58:30,128:__main__:INFO: Epoch: 10, Batch: 309/309, LR: 0.0100, ActionPPL: 1.62, WordPPL: 2.53, PPL: 1.831993, LL: 3957553.1748046875, |Param|: 964.06, E[batch size]: 255.98705501618122, Throughput: 198.58 examples/sec
2025-05-20 22:58:30,166:__main__:INFO: --------------------------------
2025-05-20 22:58:30,166:__main__:INFO: Checking training perplexity...
2025-05-20 23:01:10,141:__main__:INFO: PPL: 1.808886, Loss: 12539.088156, ActionPPL: 1.601914, WordPPL: 2.482701
2025-05-20 23:01:10,185:__main__:INFO: --------------------------------
2025-05-20 23:01:10,185:__main__:INFO: Checking validation perplexity...
2025-05-20 23:01:29,529:__main__:INFO: PPL: 1.810017, Loss: 6222.070763, ActionPPL: 1.605710, WordPPL: 2.468740
2025-05-20 23:01:29,532:__main__:INFO: --------------------------------
2025-05-20 23:01:29,960:__main__:INFO: Finished training!
100.0:30.10255479812622
