2025-05-20 21:18:14,382:__main__:INFO: Args: Namespace(train_file='RNNG-train.json', val_file='RNNG-val.json', train_from='', sp_model='', fixed_stack=True, strategy='top_down', w_dim=256, h_dim=256, num_layers=2, dropout=0.2, composition='lstm', not_swap_in_order_stack=False, batch_group='random', max_group_length_diff=20, group_sentence_size=1024, optimizer='adam', lr_scheduler=None, plateau_lr_decay=0.5, plateau_lr_patience=1, warmup_steps=10000, random_unk=False, batch_size=64, batch_token_size=15000, batch_action_size=45000, save_path='/localscratch/jairiley.61554578.0/rnng_pos.pt', num_epochs=10, min_epochs=8, lr=0.002, loss_normalize='batch', param_init=0, max_grad_norm=5.0, gpu=0, device='cuda', seed=3435, print_every=500, valid_every=-1, tensorboard_log_dir='', amp=False, early_stop=False, early_stop_patience=5)
2025-05-20 21:18:20,620:__main__:INFO: Train: 79100 sents / 1236 batches, Val: 8219 sents / 151 batches
2025-05-20 21:18:20,621:__main__:INFO: Vocab size: 46
2025-05-20 21:18:22,346:__main__:INFO: model architecture
2025-05-20 21:18:22,347:__main__:INFO: FixedStackRNNG(
  (action_criterion): CrossEntropyLoss()
  (word_criterion): CrossEntropyLoss()
  (dropout): Dropout(p=0.2, inplace=True)
  (emb): Sequential(
    (0): Embedding(46, 256, padding_idx=0)
    (1): Dropout(p=0.2, inplace=True)
  )
  (rnng): RNNGCell(
    (dropout): Dropout(p=0.2, inplace=True)
    (nt_emb): Sequential(
      (0): Embedding(26, 256)
      (1): Dropout(p=0.2, inplace=True)
    )
    (stack_rnn): MultiLayerLSTMCell(
      (lstm): ModuleList(
        (0-1): 2 x LSTMCell(256, 256)
      )
      (dropout_layer): Dropout(p=0.2, inplace=True)
    )
    (output): Sequential(
      (0): Dropout(p=0.2, inplace=True)
      (1): Linear(in_features=256, out_features=256, bias=True)
      (2): ReLU()
    )
    (composition): LSTMComposition(
      (rnn): LSTM(256, 256, batch_first=True, bidirectional=True)
      (output): Sequential(
        (0): Dropout(p=0.2, inplace=True)
        (1): Linear(in_features=512, out_features=256, bias=True)
        (2): ReLU()
      )
    )
    (initial_emb): Sequential(
      (0): Embedding(1, 256)
      (1): Dropout(p=0.2, inplace=True)
    )
  )
  (vocab_mlp): Linear(in_features=256, out_features=46, bias=True)
  (action_mlp): Linear(in_features=256, out_features=29, bias=True)
)
2025-05-20 21:18:22,348:__main__:INFO: Model total parameters: 2328651
2025-05-20 21:18:22,348:__main__:INFO: --------------------------------
2025-05-20 21:18:22,348:__main__:INFO: Checking training perplexity...
2025-05-20 21:27:18,294:__main__:INFO: PPL: 32.426881, Loss: 18399.910143, ActionPPL: 28.050954, WordPPL: 47.310776
2025-05-20 21:27:18,313:__main__:INFO: --------------------------------
2025-05-20 21:27:18,313:__main__:INFO: Checking validation perplexity...
2025-05-20 21:27:57,236:__main__:INFO: PPL: 32.424026, Loss: 15704.075740, ActionPPL: 28.048073, WordPPL: 47.209678
2025-05-20 21:27:57,237:__main__:INFO: --------------------------------
2025-05-20 21:27:57,238:__main__:INFO: Saving checkpoint to /localscratch/jairiley.61554578.0/rnng_pos.pt
2025-05-20 21:27:57,254:__main__:INFO: Starting epoch 1
2025-05-20 21:37:15,315:__main__:INFO: Epoch: 1, Batch: 500/1236, LR: 0.0020, ActionPPL: 1.88, WordPPL: 3.01, PPL: 2.146399, LL: 2018073.371459961, |Param|: 169.09, E[batch size]: 64.0, Throughput: 57.34 examples/sec
2025-05-20 21:46:31,577:__main__:INFO: Epoch: 1, Batch: 1000/1236, LR: 0.0020, ActionPPL: 1.76, WordPPL: 2.83, PPL: 2.009572, LL: 1670568.4361572266, |Param|: 189.20, E[batch size]: 64.0, Throughput: 57.43 examples/sec
2025-05-20 21:50:56,430:__main__:INFO: Epoch: 1, Batch: 1236/1236, LR: 0.0020, ActionPPL: 1.74, WordPPL: 2.79, PPL: 1.981347, LL: 781237.6025390625, |Param|: 197.90, E[batch size]: 63.996763754045304, Throughput: 57.35 examples/sec
2025-05-20 21:50:56,454:__main__:INFO: --------------------------------
2025-05-20 21:50:56,454:__main__:INFO: Checking training perplexity...
2025-05-20 22:00:09,799:__main__:INFO: PPL: 1.845254, Loss: 3240.050014, ActionPPL: 1.620957, WordPPL: 2.586560
2025-05-20 22:00:09,878:__main__:INFO: --------------------------------
2025-05-20 22:00:09,878:__main__:INFO: Checking validation perplexity...
2025-05-20 22:00:49,762:__main__:INFO: PPL: 1.837922, Loss: 2747.438151, ActionPPL: 1.618875, WordPPL: 2.553576
2025-05-20 22:00:49,764:__main__:INFO: --------------------------------
2025-05-20 22:00:49,765:__main__:INFO: Saving checkpoint to /localscratch/jairiley.61554578.0/rnng_pos.pt
2025-05-20 22:00:49,879:__main__:INFO: Starting epoch 2
2025-05-20 22:10:03,956:__main__:INFO: Epoch: 2, Batch: 500/1236, LR: 0.0020, ActionPPL: 1.63, WordPPL: 2.59, PPL: 1.853710, LL: 1630550.6391601562, |Param|: 214.83, E[batch size]: 64.0, Throughput: 57.75 examples/sec
2025-05-20 22:19:09,156:__main__:INFO: Epoch: 2, Batch: 1000/1236, LR: 0.0020, ActionPPL: 1.63, WordPPL: 2.58, PPL: 1.850200, LL: 1625419.689819336, |Param|: 229.57, E[batch size]: 64.0, Throughput: 58.22 examples/sec
2025-05-20 22:23:25,897:__main__:INFO: Epoch: 2, Batch: 1236/1236, LR: 0.0020, ActionPPL: 1.63, WordPPL: 2.58, PPL: 1.848108, LL: 758836.0616455078, |Param|: 235.57, E[batch size]: 63.996763754045304, Throughput: 58.33 examples/sec
2025-05-20 22:23:25,996:__main__:INFO: --------------------------------
2025-05-20 22:23:25,996:__main__:INFO: Checking training perplexity...
2025-05-20 22:32:32,054:__main__:INFO: PPL: 1.818128, Loss: 3161.724678, ActionPPL: 1.607030, WordPPL: 2.507822
2025-05-20 22:32:32,109:__main__:INFO: --------------------------------
2025-05-20 22:32:32,109:__main__:INFO: Checking validation perplexity...
2025-05-20 22:33:11,535:__main__:INFO: PPL: 1.814180, Loss: 2688.744000, ActionPPL: 1.606754, WordPPL: 2.485002
2025-05-20 22:33:11,610:__main__:INFO: --------------------------------
2025-05-20 22:33:11,611:__main__:INFO: Saving checkpoint to /localscratch/jairiley.61554578.0/rnng_pos.pt
2025-05-20 22:33:11,736:__main__:INFO: Starting epoch 3
2025-05-20 22:42:19,198:__main__:INFO: Epoch: 3, Batch: 500/1236, LR: 0.0020, ActionPPL: 1.62, WordPPL: 2.54, PPL: 1.834394, LL: 1607258.0858154297, |Param|: 248.57, E[batch size]: 64.0, Throughput: 58.45 examples/sec
2025-05-20 22:51:21,850:__main__:INFO: Epoch: 3, Batch: 1000/1236, LR: 0.0020, ActionPPL: 1.62, WordPPL: 2.55, PPL: 1.834257, LL: 1597733.9561767578, |Param|: 259.81, E[batch size]: 64.0, Throughput: 58.71 examples/sec
2025-05-20 22:55:38,354:__main__:INFO: Epoch: 3, Batch: 1236/1236, LR: 0.0020, ActionPPL: 1.62, WordPPL: 2.55, PPL: 1.833529, LL: 758039.8504638672, |Param|: 264.79, E[batch size]: 63.996763754045304, Throughput: 58.74 examples/sec
2025-05-20 22:55:38,412:__main__:INFO: --------------------------------
2025-05-20 22:55:38,413:__main__:INFO: Checking training perplexity...
2025-05-20 23:04:43,803:__main__:INFO: PPL: 1.808973, Loss: 3135.026736, ActionPPL: 1.600546, WordPPL: 2.488669
2025-05-20 23:04:43,873:__main__:INFO: --------------------------------
2025-05-20 23:04:43,873:__main__:INFO: Checking validation perplexity...
2025-05-20 23:05:23,311:__main__:INFO: PPL: 1.806336, Loss: 2669.186013, ActionPPL: 1.601296, WordPPL: 2.468304
2025-05-20 23:05:23,314:__main__:INFO: --------------------------------
2025-05-20 23:05:23,315:__main__:INFO: Saving checkpoint to /localscratch/jairiley.61554578.0/rnng_pos.pt
2025-05-20 23:05:23,428:__main__:INFO: Starting epoch 4
2025-05-20 23:14:32,590:__main__:INFO: Epoch: 4, Batch: 500/1236, LR: 0.0020, ActionPPL: 1.61, WordPPL: 2.53, PPL: 1.828001, LL: 1595099.7061767578, |Param|: 275.37, E[batch size]: 64.0, Throughput: 58.27 examples/sec
2025-05-20 23:23:35,893:__main__:INFO: Epoch: 4, Batch: 1000/1236, LR: 0.0020, ActionPPL: 1.61, WordPPL: 2.53, PPL: 1.826189, LL: 1588495.5480957031, |Param|: 285.19, E[batch size]: 64.0, Throughput: 58.58 examples/sec
2025-05-20 23:27:54,155:__main__:INFO: Epoch: 4, Batch: 1236/1236, LR: 0.0020, ActionPPL: 1.61, WordPPL: 2.53, PPL: 1.825190, LL: 749637.7890625, |Param|: 289.47, E[batch size]: 63.996763754045304, Throughput: 58.56 examples/sec
2025-05-20 23:27:54,231:__main__:INFO: --------------------------------
2025-05-20 23:27:54,231:__main__:INFO: Checking training perplexity...
2025-05-20 23:37:00,291:__main__:INFO: PPL: 1.801696, Loss: 3113.706155, ActionPPL: 1.596686, WordPPL: 2.468236
2025-05-20 23:37:00,317:__main__:INFO: --------------------------------
2025-05-20 23:37:00,317:__main__:INFO: Checking validation perplexity...
2025-05-20 23:37:39,555:__main__:INFO: PPL: 1.802797, Loss: 2660.331273, ActionPPL: 1.599781, WordPPL: 2.456993
2025-05-20 23:37:39,566:__main__:INFO: --------------------------------
2025-05-20 23:37:39,567:__main__:INFO: Saving checkpoint to /localscratch/jairiley.61554578.0/rnng_pos.pt
2025-05-20 23:37:39,680:__main__:INFO: Starting epoch 5
2025-05-20 23:46:43,602:__main__:INFO: Epoch: 5, Batch: 500/1236, LR: 0.0020, ActionPPL: 1.61, WordPPL: 2.51, PPL: 1.819506, LL: 1581804.8737792969, |Param|: 298.54, E[batch size]: 64.0, Throughput: 58.83 examples/sec
2025-05-20 23:55:48,877:__main__:INFO: Epoch: 5, Batch: 1000/1236, LR: 0.0020, ActionPPL: 1.61, WordPPL: 2.51, PPL: 1.819799, LL: 1578247.4545898438, |Param|: 307.22, E[batch size]: 64.0, Throughput: 58.76 examples/sec
2025-05-21 00:00:07,002:__main__:INFO: Epoch: 5, Batch: 1236/1236, LR: 0.0020, ActionPPL: 1.61, WordPPL: 2.51, PPL: 1.819477, LL: 752688.9870605469, |Param|: 311.19, E[batch size]: 63.996763754045304, Throughput: 58.71 examples/sec
2025-05-21 00:00:07,025:__main__:INFO: --------------------------------
2025-05-21 00:00:07,025:__main__:INFO: Checking training perplexity...
2025-05-21 00:09:11,776:__main__:INFO: PPL: 1.797279, Loss: 3100.724433, ActionPPL: 1.592456, WordPPL: 2.463456
2025-05-21 00:09:11,827:__main__:INFO: --------------------------------
2025-05-21 00:09:11,827:__main__:INFO: Checking validation perplexity...
2025-05-21 00:09:51,293:__main__:INFO: PPL: 1.799583, Loss: 2652.278284, ActionPPL: 1.596621, WordPPL: 2.453843
2025-05-21 00:09:51,337:__main__:INFO: --------------------------------
2025-05-21 00:09:51,337:__main__:INFO: Saving checkpoint to /localscratch/jairiley.61554578.0/rnng_pos.pt
2025-05-21 00:09:51,450:__main__:INFO: Starting epoch 6
2025-05-21 00:18:54,807:__main__:INFO: Epoch: 6, Batch: 500/1236, LR: 0.0020, ActionPPL: 1.60, WordPPL: 2.50, PPL: 1.814678, LL: 1573228.0817871094, |Param|: 319.63, E[batch size]: 64.0, Throughput: 58.89 examples/sec
2025-05-21 00:27:58,055:__main__:INFO: Epoch: 6, Batch: 1000/1236, LR: 0.0020, ActionPPL: 1.60, WordPPL: 2.50, PPL: 1.815481, LL: 1576915.1748046875, |Param|: 327.50, E[batch size]: 64.0, Throughput: 58.90 examples/sec
2025-05-21 00:32:17,354:__main__:INFO: Epoch: 6, Batch: 1236/1236, LR: 0.0020, ActionPPL: 1.61, WordPPL: 2.50, PPL: 1.815584, LL: 748595.1783447266, |Param|: 330.92, E[batch size]: 63.996763754045304, Throughput: 58.77 examples/sec
2025-05-21 00:32:17,396:__main__:INFO: --------------------------------
2025-05-21 00:32:17,396:__main__:INFO: Checking training perplexity...
2025-05-21 00:41:25,543:__main__:INFO: PPL: 1.791768, Loss: 3084.483406, ActionPPL: 1.589267, WordPPL: 2.449089
2025-05-21 00:41:25,602:__main__:INFO: --------------------------------
2025-05-21 00:41:25,602:__main__:INFO: Checking validation perplexity...
2025-05-21 00:42:05,184:__main__:INFO: PPL: 1.796033, Loss: 2643.364495, ActionPPL: 1.594309, WordPPL: 2.445670
2025-05-21 00:42:05,228:__main__:INFO: --------------------------------
2025-05-21 00:42:05,229:__main__:INFO: Saving checkpoint to /localscratch/jairiley.61554578.0/rnng_pos.pt
2025-05-21 00:42:05,343:__main__:INFO: Starting epoch 7
2025-05-21 00:51:09,822:__main__:INFO: Epoch: 7, Batch: 500/1236, LR: 0.0020, ActionPPL: 1.60, WordPPL: 2.49, PPL: 1.810039, LL: 1566206.469116211, |Param|: 338.53, E[batch size]: 64.0, Throughput: 58.77 examples/sec
2025-05-21 01:00:15,458:__main__:INFO: Epoch: 7, Batch: 1000/1236, LR: 0.0020, ActionPPL: 1.60, WordPPL: 2.49, PPL: 1.810554, LL: 1573937.300415039, |Param|: 345.86, E[batch size]: 64.0, Throughput: 58.71 examples/sec
2025-05-21 01:04:32,153:__main__:INFO: Epoch: 7, Batch: 1236/1236, LR: 0.0020, ActionPPL: 1.60, WordPPL: 2.49, PPL: 1.811765, LL: 744831.0440673828, |Param|: 349.30, E[batch size]: 63.996763754045304, Throughput: 58.73 examples/sec
2025-05-21 01:04:32,205:__main__:INFO: --------------------------------
2025-05-21 01:04:32,205:__main__:INFO: Checking training perplexity...
2025-05-21 01:13:40,301:__main__:INFO: PPL: 1.789002, Loss: 3076.313005, ActionPPL: 1.586786, WordPPL: 2.445422
2025-05-21 01:13:40,333:__main__:INFO: --------------------------------
2025-05-21 01:13:40,333:__main__:INFO: Checking validation perplexity...
2025-05-21 01:14:19,842:__main__:INFO: PPL: 1.794367, Loss: 2639.174953, ActionPPL: 1.592779, WordPPL: 2.443603
2025-05-21 01:14:19,843:__main__:INFO: --------------------------------
2025-05-21 01:14:19,844:__main__:INFO: Saving checkpoint to /localscratch/jairiley.61554578.0/rnng_pos.pt
2025-05-21 01:14:19,957:__main__:INFO: Starting epoch 8
2025-05-21 01:23:26,038:__main__:INFO: Epoch: 8, Batch: 500/1236, LR: 0.0020, ActionPPL: 1.60, WordPPL: 2.49, PPL: 1.809199, LL: 1569119.396484375, |Param|: 356.61, E[batch size]: 64.0, Throughput: 58.60 examples/sec
2025-05-21 01:32:31,217:__main__:INFO: Epoch: 8, Batch: 1000/1236, LR: 0.0020, ActionPPL: 1.60, WordPPL: 2.49, PPL: 1.809060, LL: 1568830.5565185547, |Param|: 363.38, E[batch size]: 64.0, Throughput: 58.65 examples/sec
2025-05-21 01:36:49,653:__main__:INFO: Epoch: 8, Batch: 1236/1236, LR: 0.0020, ActionPPL: 1.60, WordPPL: 2.49, PPL: 1.809131, LL: 737514.0715332031, |Param|: 366.47, E[batch size]: 63.996763754045304, Throughput: 58.61 examples/sec
2025-05-21 01:36:49,727:__main__:INFO: --------------------------------
2025-05-21 01:36:49,727:__main__:INFO: Checking training perplexity...
2025-05-21 01:45:58,351:__main__:INFO: PPL: 1.785243, Loss: 3065.188925, ActionPPL: 1.585021, WordPPL: 2.433993
2025-05-21 01:45:58,370:__main__:INFO: --------------------------------
2025-05-21 01:45:58,370:__main__:INFO: Checking validation perplexity...
2025-05-21 01:46:38,164:__main__:INFO: PPL: 1.792615, Loss: 2634.764235, ActionPPL: 1.592375, WordPPL: 2.436646
2025-05-21 01:46:38,166:__main__:INFO: --------------------------------
2025-05-21 01:46:38,167:__main__:INFO: Saving checkpoint to /localscratch/jairiley.61554578.0/rnng_pos.pt
2025-05-21 01:46:38,280:__main__:INFO: Starting epoch 9
2025-05-21 01:55:44,944:__main__:INFO: Epoch: 9, Batch: 500/1236, LR: 0.0020, ActionPPL: 1.60, WordPPL: 2.48, PPL: 1.806821, LL: 1563314.2520751953, |Param|: 373.36, E[batch size]: 64.0, Throughput: 58.54 examples/sec
2025-05-21 02:04:48,580:__main__:INFO: Epoch: 9, Batch: 1000/1236, LR: 0.0020, ActionPPL: 1.60, WordPPL: 2.48, PPL: 1.807017, LL: 1562874.5635986328, |Param|: 379.64, E[batch size]: 64.0, Throughput: 58.70 examples/sec
2025-05-21 02:09:09,572:__main__:INFO: Epoch: 9, Batch: 1236/1236, LR: 0.0020, ActionPPL: 1.60, WordPPL: 2.48, PPL: 1.806650, LL: 740303.7232666016, |Param|: 382.45, E[batch size]: 63.996763754045304, Throughput: 58.54 examples/sec
2025-05-21 02:09:09,617:__main__:INFO: --------------------------------
2025-05-21 02:09:09,617:__main__:INFO: Checking training perplexity...
2025-05-21 02:18:15,438:__main__:INFO: PPL: 1.783712, Loss: 3060.650803, ActionPPL: 1.584039, WordPPL: 2.430397
2025-05-21 02:18:15,505:__main__:INFO: --------------------------------
2025-05-21 02:18:15,505:__main__:INFO: Checking validation perplexity...
2025-05-21 02:18:54,886:__main__:INFO: PPL: 1.791671, Loss: 2632.388496, ActionPPL: 1.591762, WordPPL: 2.434469
2025-05-21 02:18:54,888:__main__:INFO: --------------------------------
2025-05-21 02:18:54,888:__main__:INFO: Saving checkpoint to /localscratch/jairiley.61554578.0/rnng_pos.pt
2025-05-21 02:18:55,007:__main__:INFO: Starting epoch 10
2025-05-21 02:28:01,236:__main__:INFO: Epoch: 10, Batch: 500/1236, LR: 0.0020, ActionPPL: 1.60, WordPPL: 2.47, PPL: 1.803566, LL: 1557456.8861083984, |Param|: 388.76, E[batch size]: 64.0, Throughput: 58.58 examples/sec
2025-05-21 02:37:07,953:__main__:INFO: Epoch: 10, Batch: 1000/1236, LR: 0.0020, ActionPPL: 1.60, WordPPL: 2.48, PPL: 1.804118, LL: 1562483.937133789, |Param|: 394.86, E[batch size]: 64.0, Throughput: 58.56 examples/sec
2025-05-21 02:41:25,092:__main__:INFO: Epoch: 10, Batch: 1236/1236, LR: 0.0020, ActionPPL: 1.60, WordPPL: 2.48, PPL: 1.804322, LL: 738122.8397216797, |Param|: 397.59, E[batch size]: 63.996763754045304, Throughput: 58.59 examples/sec
2025-05-21 02:41:25,126:__main__:INFO: --------------------------------
2025-05-21 02:41:25,126:__main__:INFO: Checking training perplexity...
2025-05-21 02:50:30,630:__main__:INFO: PPL: 1.780608, Loss: 3051.437528, ActionPPL: 1.581963, WordPPL: 2.423445
2025-05-21 02:50:30,669:__main__:INFO: --------------------------------
2025-05-21 02:50:30,669:__main__:INFO: Checking validation perplexity...
2025-05-21 02:51:10,095:__main__:INFO: PPL: 1.790229, Loss: 2628.752741, ActionPPL: 1.591299, WordPPL: 2.429272
2025-05-21 02:51:10,120:__main__:INFO: --------------------------------
2025-05-21 02:51:10,121:__main__:INFO: Saving checkpoint to /localscratch/jairiley.61554578.0/rnng_pos.pt
2025-05-21 02:51:10,236:__main__:INFO: Finished training!
332.0:55.92018151283264
