2025-05-20 14:54:17,350:__main__:INFO: Args: Namespace(train_file='RNNG-train.json', val_file='RNNG-val.json', train_from='', sp_model='', fixed_stack=True, strategy='top_down', w_dim=256, h_dim=256, num_layers=2, dropout=0.2, composition='lstm', not_swap_in_order_stack=False, batch_group='random', max_group_length_diff=20, group_sentence_size=1024, optimizer='adam', lr_scheduler=None, plateau_lr_decay=0.5, plateau_lr_patience=1, warmup_steps=10000, random_unk=False, batch_size=128, batch_token_size=15000, batch_action_size=45000, save_path='/localscratch/jairiley.61526287.0/rnng_pos.pt', num_epochs=10, min_epochs=8, lr=0.002, loss_normalize='batch', param_init=0, max_grad_norm=5.0, gpu=0, device='cuda', seed=3435, print_every=500, valid_every=-1, tensorboard_log_dir='', amp=False, early_stop=False, early_stop_patience=5)
2025-05-20 14:54:24,278:__main__:INFO: Train: 79100 sents / 618 batches, Val: 8219 sents / 92 batches
2025-05-20 14:54:24,279:__main__:INFO: Vocab size: 46
2025-05-20 14:54:25,798:__main__:INFO: model architecture
2025-05-20 14:54:25,799:__main__:INFO: FixedStackRNNG(
  (action_criterion): CrossEntropyLoss()
  (word_criterion): CrossEntropyLoss()
  (dropout): Dropout(p=0.2, inplace=True)
  (emb): Sequential(
    (0): Embedding(46, 256, padding_idx=0)
    (1): Dropout(p=0.2, inplace=True)
  )
  (rnng): RNNGCell(
    (dropout): Dropout(p=0.2, inplace=True)
    (nt_emb): Sequential(
      (0): Embedding(26, 256)
      (1): Dropout(p=0.2, inplace=True)
    )
    (stack_rnn): MultiLayerLSTMCell(
      (lstm): ModuleList(
        (0-1): 2 x LSTMCell(256, 256)
      )
      (dropout_layer): Dropout(p=0.2, inplace=True)
    )
    (output): Sequential(
      (0): Dropout(p=0.2, inplace=True)
      (1): Linear(in_features=256, out_features=256, bias=True)
      (2): ReLU()
    )
    (composition): LSTMComposition(
      (rnn): LSTM(256, 256, batch_first=True, bidirectional=True)
      (output): Sequential(
        (0): Dropout(p=0.2, inplace=True)
        (1): Linear(in_features=512, out_features=256, bias=True)
        (2): ReLU()
      )
    )
    (initial_emb): Sequential(
      (0): Embedding(1, 256)
      (1): Dropout(p=0.2, inplace=True)
    )
  )
  (vocab_mlp): Linear(in_features=256, out_features=46, bias=True)
  (action_mlp): Linear(in_features=256, out_features=29, bias=True)
)
2025-05-20 14:54:25,800:__main__:INFO: Model total parameters: 2328651
2025-05-20 14:54:25,800:__main__:INFO: --------------------------------
2025-05-20 14:54:25,800:__main__:INFO: Checking training perplexity...
2025-05-20 14:59:22,869:__main__:INFO: PPL: 32.426881, Loss: 36799.820294, ActionPPL: 28.050954, WordPPL: 47.310776
2025-05-20 14:59:22,908:__main__:INFO: --------------------------------
2025-05-20 14:59:22,909:__main__:INFO: Checking validation perplexity...
2025-05-20 14:59:47,805:__main__:INFO: PPL: 32.424026, Loss: 25775.167896, ActionPPL: 28.048073, WordPPL: 47.209678
2025-05-20 14:59:47,806:__main__:INFO: --------------------------------
2025-05-20 14:59:47,806:__main__:INFO: Saving checkpoint to /localscratch/jairiley.61526287.0/rnng_pos.pt
2025-05-20 14:59:47,851:__main__:INFO: Starting epoch 1
2025-05-20 15:09:56,771:__main__:INFO: Epoch: 1, Batch: 500/618, LR: 0.0020, ActionPPL: 1.87, WordPPL: 2.95, PPL: 2.126113, LL: 3986586.5546875, |Param|: 170.68, E[batch size]: 128.0, Throughput: 105.10 examples/sec
2025-05-20 15:12:21,382:__main__:INFO: Epoch: 1, Batch: 618/618, LR: 0.0020, ActionPPL: 1.83, WordPPL: 2.89, PPL: 2.075319, LL: 786204.8999023438, |Param|: 175.71, E[batch size]: 127.99352750809061, Throughput: 104.97 examples/sec
2025-05-20 15:12:21,382:__main__:INFO: --------------------------------
2025-05-20 15:12:21,404:__main__:INFO: Checking training perplexity...
2025-05-20 15:17:27,281:__main__:INFO: PPL: 1.854130, Loss: 6530.861897, ActionPPL: 1.626472, WordPPL: 2.608517
2025-05-20 15:17:27,283:__main__:INFO: --------------------------------
2025-05-20 15:17:27,283:__main__:INFO: Checking validation perplexity...
2025-05-20 15:17:52,953:__main__:INFO: PPL: 1.846832, Loss: 4545.213763, ActionPPL: 1.624007, WordPPL: 2.577089
2025-05-20 15:17:52,954:__main__:INFO: --------------------------------
2025-05-20 15:17:52,964:__main__:INFO: Saving checkpoint to /localscratch/jairiley.61526287.0/rnng_pos.pt
2025-05-20 15:17:53,095:__main__:INFO: Starting epoch 2
2025-05-20 15:27:55,755:__main__:INFO: Epoch: 2, Batch: 500/618, LR: 0.0020, ActionPPL: 1.63, WordPPL: 2.60, PPL: 1.855703, LL: 3271687.1186523438, |Param|: 196.70, E[batch size]: 128.0, Throughput: 106.20 examples/sec
2025-05-20 15:30:15,605:__main__:INFO: Epoch: 2, Batch: 618/618, LR: 0.0020, ActionPPL: 1.63, WordPPL: 2.59, PPL: 1.853421, LL: 761884.0061035156, |Param|: 201.02, E[batch size]: 127.99352750809061, Throughput: 106.53 examples/sec
2025-05-20 15:30:15,623:__main__:INFO: --------------------------------
2025-05-20 15:30:15,624:__main__:INFO: Checking training perplexity...
2025-05-20 15:35:17,496:__main__:INFO: PPL: 1.821029, Loss: 6340.315208, ActionPPL: 1.610000, WordPPL: 2.510174
2025-05-20 15:35:17,497:__main__:INFO: --------------------------------
2025-05-20 15:35:17,497:__main__:INFO: Checking validation perplexity...
2025-05-20 15:35:42,954:__main__:INFO: PPL: 1.816133, Loss: 4421.021601, ActionPPL: 1.608658, WordPPL: 2.486981
2025-05-20 15:35:42,954:__main__:INFO: --------------------------------
2025-05-20 15:35:42,955:__main__:INFO: Saving checkpoint to /localscratch/jairiley.61526287.0/rnng_pos.pt
2025-05-20 15:35:43,079:__main__:INFO: Starting epoch 3
2025-05-20 15:45:35,051:__main__:INFO: Epoch: 3, Batch: 500/618, LR: 0.0020, ActionPPL: 1.62, WordPPL: 2.55, PPL: 1.837078, LL: 3213110.8217773438, |Param|: 218.34, E[batch size]: 128.0, Throughput: 108.11 examples/sec
2025-05-20 15:47:54,335:__main__:INFO: Epoch: 3, Batch: 618/618, LR: 0.0020, ActionPPL: 1.62, WordPPL: 2.55, PPL: 1.836474, LL: 760412.6882324219, |Param|: 222.08, E[batch size]: 127.99352750809061, Throughput: 108.17 examples/sec
2025-05-20 15:47:54,335:__main__:INFO: --------------------------------
2025-05-20 15:47:54,335:__main__:INFO: Checking training perplexity...
2025-05-20 15:52:55,056:__main__:INFO: PPL: 1.811581, Loss: 6285.288876, ActionPPL: 1.601633, WordPPL: 2.497207
2025-05-20 15:52:55,057:__main__:INFO: --------------------------------
2025-05-20 15:52:55,057:__main__:INFO: Checking validation perplexity...
2025-05-20 15:53:20,482:__main__:INFO: PPL: 1.808695, Loss: 4390.616195, ActionPPL: 1.601660, WordPPL: 2.478439
2025-05-20 15:53:20,483:__main__:INFO: --------------------------------
2025-05-20 15:53:20,483:__main__:INFO: Saving checkpoint to /localscratch/jairiley.61526287.0/rnng_pos.pt
2025-05-20 15:53:20,604:__main__:INFO: Starting epoch 4
2025-05-20 16:03:13,239:__main__:INFO: Epoch: 4, Batch: 500/618, LR: 0.0020, ActionPPL: 1.61, WordPPL: 2.53, PPL: 1.828363, LL: 3189883.704345703, |Param|: 237.62, E[batch size]: 128.0, Throughput: 107.99 examples/sec
2025-05-20 16:05:34,096:__main__:INFO: Epoch: 4, Batch: 618/618, LR: 0.0020, ActionPPL: 1.61, WordPPL: 2.53, PPL: 1.827239, LL: 750684.4973144531, |Param|: 240.78, E[batch size]: 127.99352750809061, Throughput: 107.84 examples/sec
2025-05-20 16:05:34,096:__main__:INFO: --------------------------------
2025-05-20 16:05:34,097:__main__:INFO: Checking training perplexity...
2025-05-20 16:10:35,076:__main__:INFO: PPL: 1.802673, Loss: 6233.148978, ActionPPL: 1.597374, WordPPL: 2.470294
2025-05-20 16:10:35,099:__main__:INFO: --------------------------------
2025-05-20 16:10:35,099:__main__:INFO: Checking validation perplexity...
2025-05-20 16:11:00,422:__main__:INFO: PPL: 1.802847, Loss: 4366.621121, ActionPPL: 1.600530, WordPPL: 2.454263
2025-05-20 16:11:00,425:__main__:INFO: --------------------------------
2025-05-20 16:11:00,425:__main__:INFO: Saving checkpoint to /localscratch/jairiley.61526287.0/rnng_pos.pt
2025-05-20 16:11:00,546:__main__:INFO: Starting epoch 5
2025-05-20 16:21:45,583:__main__:INFO: Epoch: 5, Batch: 500/618, LR: 0.0020, ActionPPL: 1.61, WordPPL: 2.52, PPL: 1.820818, LL: 3163006.600341797, |Param|: 254.27, E[batch size]: 128.0, Throughput: 99.22 examples/sec
2025-05-20 16:24:05,914:__main__:INFO: Epoch: 5, Batch: 618/618, LR: 0.0020, ActionPPL: 1.61, WordPPL: 2.51, PPL: 1.820423, LL: 753132.076171875, |Param|: 257.16, E[batch size]: 127.99352750809061, Throughput: 100.72 examples/sec
2025-05-20 16:24:05,964:__main__:INFO: --------------------------------
2025-05-20 16:24:05,964:__main__:INFO: Checking training perplexity...
2025-05-20 16:29:07,370:__main__:INFO: PPL: 1.798281, Loss: 6207.344030, ActionPPL: 1.593069, WordPPL: 2.465938
2025-05-20 16:29:07,372:__main__:INFO: --------------------------------
2025-05-20 16:29:07,372:__main__:INFO: Checking validation perplexity...
2025-05-20 16:29:32,752:__main__:INFO: PPL: 1.800010, Loss: 4354.950892, ActionPPL: 1.597146, WordPPL: 2.453839
2025-05-20 16:29:32,753:__main__:INFO: --------------------------------
2025-05-20 16:29:32,753:__main__:INFO: Saving checkpoint to /localscratch/jairiley.61526287.0/rnng_pos.pt
2025-05-20 16:29:32,878:__main__:INFO: Starting epoch 6
2025-05-20 16:40:23,857:__main__:INFO: Epoch: 6, Batch: 500/618, LR: 0.0020, ActionPPL: 1.60, WordPPL: 2.50, PPL: 1.815500, LL: 3150199.783203125, |Param|: 269.25, E[batch size]: 128.0, Throughput: 98.31 examples/sec
2025-05-20 16:42:59,075:__main__:INFO: Epoch: 6, Batch: 618/618, LR: 0.0020, ActionPPL: 1.60, WordPPL: 2.50, PPL: 1.815470, LL: 748129.599609375, |Param|: 271.87, E[batch size]: 127.99352750809061, Throughput: 98.11 examples/sec
2025-05-20 16:42:59,092:__main__:INFO: --------------------------------
2025-05-20 16:42:59,093:__main__:INFO: Checking training perplexity...
2025-05-20 16:49:03,181:__main__:INFO: PPL: 1.792657, Loss: 6174.211933, ActionPPL: 1.589818, WordPPL: 2.451260
2025-05-20 16:49:03,205:__main__:INFO: --------------------------------
2025-05-20 16:49:03,205:__main__:INFO: Checking validation perplexity...
2025-05-20 16:49:33,959:__main__:INFO: PPL: 1.797143, Loss: 4343.140928, ActionPPL: 1.595047, WordPPL: 2.448164
2025-05-20 16:49:33,962:__main__:INFO: --------------------------------
2025-05-20 16:49:33,963:__main__:INFO: Saving checkpoint to /localscratch/jairiley.61526287.0/rnng_pos.pt
2025-05-20 16:49:34,088:__main__:INFO: Starting epoch 7
2025-05-20 16:59:33,070:__main__:INFO: Epoch: 7, Batch: 500/618, LR: 0.0020, ActionPPL: 1.60, WordPPL: 2.49, PPL: 1.810369, LL: 3139602.9533691406, |Param|: 282.67, E[batch size]: 128.0, Throughput: 106.85 examples/sec
2025-05-20 17:01:54,578:__main__:INFO: Epoch: 7, Batch: 618/618, LR: 0.0020, ActionPPL: 1.60, WordPPL: 2.49, PPL: 1.811433, LL: 744174.3383789062, |Param|: 284.99, E[batch size]: 127.99352750809061, Throughput: 106.82 examples/sec
2025-05-20 17:01:54,580:__main__:INFO: --------------------------------
2025-05-20 17:01:54,580:__main__:INFO: Checking training perplexity...
2025-05-20 17:06:56,507:__main__:INFO: PPL: 1.787761, Loss: 6145.285701, ActionPPL: 1.586729, WordPPL: 2.439538
2025-05-20 17:06:56,563:__main__:INFO: --------------------------------
2025-05-20 17:06:56,563:__main__:INFO: Checking validation perplexity...
2025-05-20 17:07:22,105:__main__:INFO: PPL: 1.794090, Loss: 4330.546936, ActionPPL: 1.593269, WordPPL: 2.440307
2025-05-20 17:07:22,114:__main__:INFO: --------------------------------
2025-05-20 17:07:22,114:__main__:INFO: Saving checkpoint to /localscratch/jairiley.61526287.0/rnng_pos.pt
2025-05-20 17:07:22,235:__main__:INFO: Starting epoch 8
2025-05-20 17:17:34,623:__main__:INFO: Epoch: 8, Batch: 500/618, LR: 0.0020, ActionPPL: 1.60, WordPPL: 2.49, PPL: 1.807865, LL: 3134449.9677734375, |Param|: 294.85, E[batch size]: 128.0, Throughput: 104.51 examples/sec
2025-05-20 17:19:55,194:__main__:INFO: Epoch: 8, Batch: 618/618, LR: 0.0020, ActionPPL: 1.60, WordPPL: 2.49, PPL: 1.807884, LL: 736504.5417480469, |Param|: 296.93, E[batch size]: 127.99352750809061, Throughput: 105.05 examples/sec
2025-05-20 17:19:55,296:__main__:INFO: --------------------------------
2025-05-20 17:19:55,296:__main__:INFO: Checking training perplexity...
2025-05-20 17:24:56,223:__main__:INFO: PPL: 1.783157, Loss: 6118.006324, ActionPPL: 1.583801, WordPPL: 2.428620
2025-05-20 17:24:56,307:__main__:INFO: --------------------------------
2025-05-20 17:24:56,308:__main__:INFO: Checking validation perplexity...
2025-05-20 17:25:21,669:__main__:INFO: PPL: 1.790281, Loss: 4314.797693, ActionPPL: 1.591472, WordPPL: 2.428839
2025-05-20 17:25:21,864:__main__:INFO: --------------------------------
2025-05-20 17:25:21,864:__main__:INFO: Saving checkpoint to /localscratch/jairiley.61526287.0/rnng_pos.pt
2025-05-20 17:25:21,988:__main__:INFO: Starting epoch 9
2025-05-20 17:36:13,867:__main__:INFO: Epoch: 9, Batch: 500/618, LR: 0.0020, ActionPPL: 1.60, WordPPL: 2.48, PPL: 1.805490, LL: 3121721.753173828, |Param|: 306.11, E[batch size]: 128.0, Throughput: 98.18 examples/sec
2025-05-20 17:38:49,471:__main__:INFO: Epoch: 9, Batch: 618/618, LR: 0.0020, ActionPPL: 1.60, WordPPL: 2.48, PPL: 1.805084, LL: 739102.4345703125, |Param|: 308.09, E[batch size]: 127.99352750809061, Throughput: 97.96 examples/sec
2025-05-20 17:38:49,553:__main__:INFO: --------------------------------
2025-05-20 17:38:49,554:__main__:INFO: Checking training perplexity...
2025-05-20 17:44:53,003:__main__:INFO: PPL: 1.781419, Loss: 6107.692646, ActionPPL: 1.582480, WordPPL: 2.425363
2025-05-20 17:44:53,055:__main__:INFO: --------------------------------
2025-05-20 17:44:53,055:__main__:INFO: Checking validation perplexity...
2025-05-20 17:45:23,665:__main__:INFO: PPL: 1.789267, Loss: 4310.598894, ActionPPL: 1.590934, WordPPL: 2.426024
2025-05-20 17:45:23,667:__main__:INFO: --------------------------------
2025-05-20 17:45:23,667:__main__:INFO: Saving checkpoint to /localscratch/jairiley.61526287.0/rnng_pos.pt
2025-05-20 17:45:23,788:__main__:INFO: Starting epoch 10
2025-05-20 17:56:16,092:__main__:INFO: Epoch: 10, Batch: 500/618, LR: 0.0020, ActionPPL: 1.60, WordPPL: 2.47, PPL: 1.802287, LL: 3114574.028564453, |Param|: 316.78, E[batch size]: 128.0, Throughput: 98.11 examples/sec
2025-05-20 17:58:50,340:__main__:INFO: Epoch: 10, Batch: 618/618, LR: 0.0020, ActionPPL: 1.60, WordPPL: 2.47, PPL: 1.802624, LL: 737336.1118164062, |Param|: 318.62, E[batch size]: 127.99352750809061, Throughput: 98.07 examples/sec
2025-05-20 17:58:50,397:__main__:INFO: --------------------------------
2025-05-20 17:58:50,397:__main__:INFO: Checking training perplexity...
2025-05-20 18:04:54,000:__main__:INFO: PPL: 1.778948, Loss: 6093.009736, ActionPPL: 1.580400, WordPPL: 2.421537
2025-05-20 18:04:54,048:__main__:INFO: --------------------------------
2025-05-20 18:04:54,048:__main__:INFO: Checking validation perplexity...
2025-05-20 18:05:24,722:__main__:INFO: PPL: 1.790196, Loss: 4314.444834, ActionPPL: 1.590303, WordPPL: 2.433052
2025-05-20 18:05:24,724:__main__:INFO: --------------------------------