2025-05-20 13:04:10,484:__main__:INFO: Args: Namespace(train_file='RNNG-train.json', val_file='RNNG-val.json', train_from='', sp_model='', fixed_stack=True, strategy='top_down', w_dim=256, h_dim=256, num_layers=2, dropout=0.2, composition='lstm', not_swap_in_order_stack=False, batch_group='random', max_group_length_diff=20, group_sentence_size=1024, optimizer='adam', lr_scheduler=None, plateau_lr_decay=0.5, plateau_lr_patience=1, warmup_steps=10000, random_unk=False, batch_size=256, batch_token_size=15000, batch_action_size=45000, save_path='/localscratch/jairiley.61526333.0/rnng_pos.pt', num_epochs=10, min_epochs=8, lr=0.0005, loss_normalize='batch', param_init=0, max_grad_norm=5.0, gpu=0, device='cuda', seed=3435, print_every=500, valid_every=-1, tensorboard_log_dir='', amp=False, early_stop=False, early_stop_patience=5)
2025-05-20 13:04:17,397:__main__:INFO: Train: 79100 sents / 309 batches, Val: 8219 sents / 65 batches
2025-05-20 13:04:17,398:__main__:INFO: Vocab size: 46
2025-05-20 13:04:19,050:__main__:INFO: model architecture
2025-05-20 13:04:19,050:__main__:INFO: FixedStackRNNG(
  (action_criterion): CrossEntropyLoss()
  (word_criterion): CrossEntropyLoss()
  (dropout): Dropout(p=0.2, inplace=True)
  (emb): Sequential(
    (0): Embedding(46, 256, padding_idx=0)
    (1): Dropout(p=0.2, inplace=True)
  )
  (rnng): RNNGCell(
    (dropout): Dropout(p=0.2, inplace=True)
    (nt_emb): Sequential(
      (0): Embedding(26, 256)
      (1): Dropout(p=0.2, inplace=True)
    )
    (stack_rnn): MultiLayerLSTMCell(
      (lstm): ModuleList(
        (0-1): 2 x LSTMCell(256, 256)
      )
      (dropout_layer): Dropout(p=0.2, inplace=True)
    )
    (output): Sequential(
      (0): Dropout(p=0.2, inplace=True)
      (1): Linear(in_features=256, out_features=256, bias=True)
      (2): ReLU()
    )
    (composition): LSTMComposition(
      (rnn): LSTM(256, 256, batch_first=True, bidirectional=True)
      (output): Sequential(
        (0): Dropout(p=0.2, inplace=True)
        (1): Linear(in_features=512, out_features=256, bias=True)
        (2): ReLU()
      )
    )
    (initial_emb): Sequential(
      (0): Embedding(1, 256)
      (1): Dropout(p=0.2, inplace=True)
    )
  )
  (vocab_mlp): Linear(in_features=256, out_features=46, bias=True)
  (action_mlp): Linear(in_features=256, out_features=29, bias=True)
)
2025-05-20 13:04:19,051:__main__:INFO: Model total parameters: 2328651
2025-05-20 13:04:19,051:__main__:INFO: --------------------------------
2025-05-20 13:04:19,051:__main__:INFO: Checking training perplexity...
2025-05-20 13:06:56,404:__main__:INFO: PPL: 32.426881, Loss: 73599.640676, ActionPPL: 28.050954, WordPPL: 47.310776
2025-05-20 13:06:56,404:__main__:INFO: --------------------------------
2025-05-20 13:06:56,405:__main__:INFO: Checking validation perplexity...
2025-05-20 13:07:15,104:__main__:INFO: PPL: 32.424026, Loss: 36481.775945, ActionPPL: 28.048073, WordPPL: 47.209677
2025-05-20 13:07:15,105:__main__:INFO: --------------------------------
2025-05-20 13:07:15,105:__main__:INFO: Saving checkpoint to /localscratch/jairiley.61526333.0/rnng_pos.pt
2025-05-20 13:07:15,121:__main__:INFO: Starting epoch 1
2025-05-20 13:14:00,762:__main__:INFO: Epoch: 1, Batch: 309/309, LR: 0.0005, ActionPPL: 2.51, WordPPL: 3.60, PPL: 2.771693, LL: 6664240.766113281, |Param|: 149.98, E[batch size]: 255.98705501618122, Throughput: 195.00 examples/sec
2025-05-20 13:14:00,777:__main__:INFO: --------------------------------
2025-05-20 13:14:00,777:__main__:INFO: Checking training perplexity...
2025-05-20 13:16:45,642:__main__:INFO: PPL: 1.919025, Loss: 13789.508612, ActionPPL: 1.686069, WordPPL: 2.688691
2025-05-20 13:16:45,643:__main__:INFO: --------------------------------
2025-05-20 13:16:45,643:__main__:INFO: Checking validation perplexity...
2025-05-20 13:17:04,910:__main__:INFO: PPL: 1.908127, Loss: 6775.613710, ActionPPL: 1.679096, WordPPL: 2.657735
2025-05-20 13:17:04,911:__main__:INFO: --------------------------------
2025-05-20 13:17:04,912:__main__:INFO: Saving checkpoint to /localscratch/jairiley.61526333.0/rnng_pos.pt
2025-05-20 13:17:05,036:__main__:INFO: Starting epoch 2
2025-05-20 13:23:50,947:__main__:INFO: Epoch: 2, Batch: 309/309, LR: 0.0005, ActionPPL: 1.68, WordPPL: 2.70, PPL: 1.918397, LL: 4258817.580078125, |Param|: 152.34, E[batch size]: 255.98705501618122, Throughput: 194.87 examples/sec
2025-05-20 13:23:50,974:__main__:INFO: --------------------------------
2025-05-20 13:23:50,974:__main__:INFO: Checking training perplexity...
2025-05-20 13:26:36,041:__main__:INFO: PPL: 1.863232, Loss: 13165.324995, ActionPPL: 1.643197, WordPPL: 2.585146
2025-05-20 13:26:36,043:__main__:INFO: --------------------------------
2025-05-20 13:26:36,043:__main__:INFO: Checking validation perplexity...
2025-05-20 13:26:55,487:__main__:INFO: PPL: 1.855665, Loss: 6483.258451, ActionPPL: 1.638247, WordPPL: 2.562985
2025-05-20 13:26:55,487:__main__:INFO: --------------------------------
2025-05-20 13:26:55,488:__main__:INFO: Saving checkpoint to /localscratch/jairiley.61526333.0/rnng_pos.pt
2025-05-20 13:26:55,615:__main__:INFO: Starting epoch 3
2025-05-20 13:33:42,508:__main__:INFO: Epoch: 3, Batch: 309/309, LR: 0.0005, ActionPPL: 1.65, WordPPL: 2.63, PPL: 1.881119, LL: 4130538.9614257812, |Param|: 154.45, E[batch size]: 255.98705501618122, Throughput: 194.40 examples/sec
2025-05-20 13:33:42,519:__main__:INFO: --------------------------------
2025-05-20 13:33:42,519:__main__:INFO: Checking training perplexity...
2025-05-20 13:36:27,517:__main__:INFO: PPL: 1.844976, Loss: 12957.010444, ActionPPL: 1.628355, WordPPL: 2.554659
2025-05-20 13:36:27,518:__main__:INFO: --------------------------------
2025-05-20 13:36:27,518:__main__:INFO: Checking validation perplexity...
2025-05-20 13:36:46,704:__main__:INFO: PPL: 1.836210, Loss: 6372.738701, ActionPPL: 1.623900, WordPPL: 2.524688
2025-05-20 13:36:46,704:__main__:INFO: --------------------------------
2025-05-20 13:36:46,705:__main__:INFO: Saving checkpoint to /localscratch/jairiley.61526333.0/rnng_pos.pt
2025-05-20 13:36:46,833:__main__:INFO: Starting epoch 4
2025-05-20 13:43:33,630:__main__:INFO: Epoch: 4, Batch: 309/309, LR: 0.0005, ActionPPL: 1.64, WordPPL: 2.59, PPL: 1.862500, LL: 4065515.3920898438, |Param|: 156.32, E[batch size]: 255.98705501618122, Throughput: 194.45 examples/sec
2025-05-20 13:43:33,636:__main__:INFO: --------------------------------
2025-05-20 13:43:33,636:__main__:INFO: Checking training perplexity...
2025-05-20 13:46:18,601:__main__:INFO: PPL: 1.829685, Loss: 12780.952758, ActionPPL: 1.619490, WordPPL: 2.514659
2025-05-20 13:46:18,602:__main__:INFO: --------------------------------
2025-05-20 13:46:18,602:__main__:INFO: Checking validation perplexity...
2025-05-20 13:46:37,919:__main__:INFO: PPL: 1.822984, Loss: 6296.929298, ActionPPL: 1.616841, WordPPL: 2.487908
2025-05-20 13:46:37,920:__main__:INFO: --------------------------------
2025-05-20 13:46:37,920:__main__:INFO: Saving checkpoint to /localscratch/jairiley.61526333.0/rnng_pos.pt
2025-05-20 13:46:38,058:__main__:INFO: Starting epoch 5
2025-05-20 13:53:24,978:__main__:INFO: Epoch: 5, Batch: 309/309, LR: 0.0005, ActionPPL: 1.63, WordPPL: 2.57, PPL: 1.850990, LL: 4024989.9501953125, |Param|: 158.18, E[batch size]: 255.98705501618122, Throughput: 194.39 examples/sec
2025-05-20 13:53:24,992:__main__:INFO: --------------------------------
2025-05-20 13:53:24,992:__main__:INFO: Checking training perplexity...
2025-05-20 13:56:10,170:__main__:INFO: PPL: 1.822409, Loss: 12696.655599, ActionPPL: 1.612912, WordPPL: 2.505216
2025-05-20 13:56:10,172:__main__:INFO: --------------------------------
2025-05-20 13:56:10,172:__main__:INFO: Checking validation perplexity...
2025-05-20 13:56:29,367:__main__:INFO: PPL: 1.816263, Loss: 6258.192604, ActionPPL: 1.610885, WordPPL: 2.478716
2025-05-20 13:56:29,367:__main__:INFO: --------------------------------
2025-05-20 13:56:29,368:__main__:INFO: Saving checkpoint to /localscratch/jairiley.61526333.0/rnng_pos.pt
2025-05-20 13:56:29,494:__main__:INFO: Starting epoch 6
2025-05-20 14:03:16,155:__main__:INFO: Epoch: 6, Batch: 309/309, LR: 0.0005, ActionPPL: 1.63, WordPPL: 2.55, PPL: 1.842218, LL: 3993939.4438476562, |Param|: 159.93, E[batch size]: 255.98705501618122, Throughput: 194.51 examples/sec
2025-05-20 14:03:16,185:__main__:INFO: --------------------------------
2025-05-20 14:03:16,185:__main__:INFO: Checking training perplexity...
2025-05-20 14:06:00,630:__main__:INFO: PPL: 1.816788, Loss: 12631.298942, ActionPPL: 1.608244, WordPPL: 2.496247
2025-05-20 14:06:00,631:__main__:INFO: --------------------------------
2025-05-20 14:06:00,632:__main__:INFO: Checking validation perplexity...
2025-05-20 14:06:19,912:__main__:INFO: PPL: 1.813432, Loss: 6241.838303, ActionPPL: 1.607388, WordPPL: 2.478792
2025-05-20 14:06:19,913:__main__:INFO: --------------------------------
2025-05-20 14:06:19,913:__main__:INFO: Saving checkpoint to /localscratch/jairiley.61526333.0/rnng_pos.pt
2025-05-20 14:06:20,044:__main__:INFO: Starting epoch 7
2025-05-20 14:13:05,031:__main__:INFO: Epoch: 7, Batch: 309/309, LR: 0.0005, ActionPPL: 1.62, WordPPL: 2.54, PPL: 1.835765, LL: 3971000.3837890625, |Param|: 161.69, E[batch size]: 255.98705501618122, Throughput: 195.31 examples/sec
2025-05-20 14:13:05,053:__main__:INFO: --------------------------------
2025-05-20 14:13:05,054:__main__:INFO: Checking training perplexity...
2025-05-20 14:15:48,025:__main__:INFO: PPL: 1.811208, Loss: 12566.223687, ActionPPL: 1.604818, WordPPL: 2.482468
2025-05-20 14:15:48,026:__main__:INFO: --------------------------------
2025-05-20 14:15:48,026:__main__:INFO: Checking validation perplexity...
2025-05-20 14:16:06,908:__main__:INFO: PPL: 1.808417, Loss: 6212.797702, ActionPPL: 1.604798, WordPPL: 2.464536
2025-05-20 14:16:06,908:__main__:INFO: --------------------------------
2025-05-20 14:16:06,909:__main__:INFO: Saving checkpoint to /localscratch/jairiley.61526333.0/rnng_pos.pt
2025-05-20 14:16:07,036:__main__:INFO: Starting epoch 8
2025-05-20 14:22:49,033:__main__:INFO: Epoch: 8, Batch: 309/309, LR: 0.0005, ActionPPL: 1.62, WordPPL: 2.53, PPL: 1.830046, LL: 3950603.6303710938, |Param|: 163.42, E[batch size]: 255.98705501618122, Throughput: 196.77 examples/sec
2025-05-20 14:22:49,046:__main__:INFO: --------------------------------
2025-05-20 14:22:49,046:__main__:INFO: Checking training perplexity...
2025-05-20 14:25:31,826:__main__:INFO: PPL: 1.805336, Loss: 12497.531721, ActionPPL: 1.600374, WordPPL: 2.471366
2025-05-20 14:25:31,827:__main__:INFO: --------------------------------
2025-05-20 14:25:31,827:__main__:INFO: Checking validation perplexity...
2025-05-20 14:25:50,756:__main__:INFO: PPL: 1.803156, Loss: 6182.246158, ActionPPL: 1.601220, WordPPL: 2.453033
2025-05-20 14:25:50,757:__main__:INFO: --------------------------------
2025-05-20 14:25:50,757:__main__:INFO: Saving checkpoint to /localscratch/jairiley.61526333.0/rnng_pos.pt
2025-05-20 14:25:50,886:__main__:INFO: Starting epoch 9
2025-05-20 14:32:32,260:__main__:INFO: Epoch: 9, Batch: 309/309, LR: 0.0005, ActionPPL: 1.61, WordPPL: 2.52, PPL: 1.825608, LL: 3934730.3178710938, |Param|: 165.10, E[batch size]: 255.98705501618122, Throughput: 197.07 examples/sec
2025-05-20 14:32:32,284:__main__:INFO: --------------------------------
2025-05-20 14:32:32,284:__main__:INFO: Checking training perplexity...
2025-05-20 14:35:12,845:__main__:INFO: PPL: 1.802079, Loss: 12459.328842, ActionPPL: 1.597844, WordPPL: 2.465468
2025-05-20 14:35:12,846:__main__:INFO: --------------------------------
2025-05-20 14:35:12,846:__main__:INFO: Checking validation perplexity...
2025-05-20 14:35:31,720:__main__:INFO: PPL: 1.801339, Loss: 6171.672280, ActionPPL: 1.599425, WordPPL: 2.451279
2025-05-20 14:35:31,720:__main__:INFO: --------------------------------
2025-05-20 14:35:31,720:__main__:INFO: Saving checkpoint to /localscratch/jairiley.61526333.0/rnng_pos.pt
2025-05-20 14:35:31,846:__main__:INFO: Starting epoch 10
2025-05-20 14:42:07,279:__main__:INFO: Epoch: 10, Batch: 309/309, LR: 0.0005, ActionPPL: 1.61, WordPPL: 2.51, PPL: 1.822086, LL: 3922108.8686523438, |Param|: 166.73, E[batch size]: 255.98705501618122, Throughput: 200.03 examples/sec
2025-05-20 14:42:07,293:__main__:INFO: --------------------------------
2025-05-20 14:42:07,293:__main__:INFO: Checking training perplexity...
2025-05-20 14:44:46,836:__main__:INFO: PPL: 1.799572, Loss: 12429.879052, ActionPPL: 1.596538, WordPPL: 2.458357
2025-05-20 14:44:46,837:__main__:INFO: --------------------------------
2025-05-20 14:44:46,837:__main__:INFO: Checking validation perplexity...
2025-05-20 14:45:05,507:__main__:INFO: PPL: 1.799965, Loss: 6163.667901, ActionPPL: 1.598909, WordPPL: 2.446613
2025-05-20 14:45:05,508:__main__:INFO: --------------------------------
2025-05-20 14:45:05,508:__main__:INFO: Saving checkpoint to /localscratch/jairiley.61526333.0/rnng_pos.pt