2025-05-20 21:17:20,060:__main__:INFO: Args: Namespace(train_file='RNNG-train.json', val_file='RNNG-val.json', train_from='', sp_model='', fixed_stack=True, strategy='top_down', w_dim=256, h_dim=256, num_layers=2, dropout=0.2, composition='lstm', not_swap_in_order_stack=False, batch_group='random', max_group_length_diff=20, group_sentence_size=1024, optimizer='adam', lr_scheduler=None, plateau_lr_decay=0.5, plateau_lr_patience=1, warmup_steps=10000, random_unk=False, batch_size=64, batch_token_size=15000, batch_action_size=45000, save_path='/localscratch/jairiley.61554493.0/rnng_pos.pt', num_epochs=10, min_epochs=8, lr=0.0005, loss_normalize='batch', param_init=0, max_grad_norm=5.0, gpu=0, device='cuda', seed=3435, print_every=500, valid_every=-1, tensorboard_log_dir='', amp=False, early_stop=False, early_stop_patience=5)
2025-05-20 21:17:26,821:__main__:INFO: Train: 79100 sents / 1236 batches, Val: 8219 sents / 151 batches
2025-05-20 21:17:26,823:__main__:INFO: Vocab size: 46
2025-05-20 21:17:29,258:__main__:INFO: model architecture
2025-05-20 21:17:29,259:__main__:INFO: FixedStackRNNG(
  (action_criterion): CrossEntropyLoss()
  (word_criterion): CrossEntropyLoss()
  (dropout): Dropout(p=0.2, inplace=True)
  (emb): Sequential(
    (0): Embedding(46, 256, padding_idx=0)
    (1): Dropout(p=0.2, inplace=True)
  )
  (rnng): RNNGCell(
    (dropout): Dropout(p=0.2, inplace=True)
    (nt_emb): Sequential(
      (0): Embedding(26, 256)
      (1): Dropout(p=0.2, inplace=True)
    )
    (stack_rnn): MultiLayerLSTMCell(
      (lstm): ModuleList(
        (0-1): 2 x LSTMCell(256, 256)
      )
      (dropout_layer): Dropout(p=0.2, inplace=True)
    )
    (output): Sequential(
      (0): Dropout(p=0.2, inplace=True)
      (1): Linear(in_features=256, out_features=256, bias=True)
      (2): ReLU()
    )
    (composition): LSTMComposition(
      (rnn): LSTM(256, 256, batch_first=True, bidirectional=True)
      (output): Sequential(
        (0): Dropout(p=0.2, inplace=True)
        (1): Linear(in_features=512, out_features=256, bias=True)
        (2): ReLU()
      )
    )
    (initial_emb): Sequential(
      (0): Embedding(1, 256)
      (1): Dropout(p=0.2, inplace=True)
    )
  )
  (vocab_mlp): Linear(in_features=256, out_features=46, bias=True)
  (action_mlp): Linear(in_features=256, out_features=29, bias=True)
)
2025-05-20 21:17:29,260:__main__:INFO: Model total parameters: 2328651
2025-05-20 21:17:29,260:__main__:INFO: --------------------------------
2025-05-20 21:17:29,261:__main__:INFO: Checking training perplexity...
2025-05-20 21:26:27,086:__main__:INFO: PPL: 32.426881, Loss: 18399.910143, ActionPPL: 28.050954, WordPPL: 47.310776
2025-05-20 21:26:27,099:__main__:INFO: --------------------------------
2025-05-20 21:26:27,099:__main__:INFO: Checking validation perplexity...
2025-05-20 21:27:05,471:__main__:INFO: PPL: 32.424026, Loss: 15704.075740, ActionPPL: 28.048073, WordPPL: 47.209678
2025-05-20 21:27:05,483:__main__:INFO: --------------------------------
2025-05-20 21:27:05,484:__main__:INFO: Saving checkpoint to /localscratch/jairiley.61554493.0/rnng_pos.pt
2025-05-20 21:27:05,501:__main__:INFO: Starting epoch 1
2025-05-20 21:36:21,686:__main__:INFO: Epoch: 1, Batch: 500/1236, LR: 0.0005, ActionPPL: 2.26, WordPPL: 3.42, PPL: 2.530622, LL: 2453169.7904052734, |Param|: 150.43, E[batch size]: 64.0, Throughput: 57.53 examples/sec
2025-05-20 21:45:34,004:__main__:INFO: Epoch: 1, Batch: 1000/1236, LR: 0.0005, ActionPPL: 1.95, WordPPL: 3.05, PPL: 2.206109, LL: 1728624.7287597656, |Param|: 153.16, E[batch size]: 64.0, Throughput: 57.74 examples/sec
2025-05-20 21:49:53,807:__main__:INFO: Epoch: 1, Batch: 1236/1236, LR: 0.0005, ActionPPL: 1.89, WordPPL: 2.97, PPL: 2.143060, LL: 800967.2873535156, |Param|: 154.31, E[batch size]: 63.996763754045304, Throughput: 57.81 examples/sec
2025-05-20 21:49:53,831:__main__:INFO: --------------------------------
2025-05-20 21:49:53,831:__main__:INFO: Checking training perplexity...
2025-05-20 21:59:00,741:__main__:INFO: PPL: 1.866527, Loss: 3300.674766, ActionPPL: 1.638992, WordPPL: 2.619093
2025-05-20 21:59:00,785:__main__:INFO: --------------------------------
2025-05-20 21:59:00,785:__main__:INFO: Checking validation perplexity...
2025-05-20 21:59:40,307:__main__:INFO: PPL: 1.857859, Loss: 2796.141175, ActionPPL: 1.634993, WordPPL: 2.587180
2025-05-20 21:59:40,309:__main__:INFO: --------------------------------
2025-05-20 21:59:40,310:__main__:INFO: Saving checkpoint to /localscratch/jairiley.61554493.0/rnng_pos.pt
2025-05-20 21:59:40,424:__main__:INFO: Starting epoch 2
2025-05-20 22:08:48,590:__main__:INFO: Epoch: 2, Batch: 500/1236, LR: 0.0005, ActionPPL: 1.65, WordPPL: 2.63, PPL: 1.878525, LL: 1665682.0963134766, |Param|: 156.64, E[batch size]: 64.0, Throughput: 58.38 examples/sec
2025-05-20 22:17:55,560:__main__:INFO: Epoch: 2, Batch: 1000/1236, LR: 0.0005, ActionPPL: 1.65, WordPPL: 2.62, PPL: 1.872190, LL: 1652812.5596923828, |Param|: 158.76, E[batch size]: 64.0, Throughput: 58.44 examples/sec
2025-05-20 22:22:13,570:__main__:INFO: Epoch: 2, Batch: 1236/1236, LR: 0.0005, ActionPPL: 1.64, WordPPL: 2.61, PPL: 1.869086, LL: 770093.6978759766, |Param|: 159.70, E[batch size]: 63.996763754045304, Throughput: 58.46 examples/sec
2025-05-20 22:22:13,601:__main__:INFO: --------------------------------
2025-05-20 22:22:13,601:__main__:INFO: Checking training perplexity...
2025-05-20 22:31:22,466:__main__:INFO: PPL: 1.833064, Loss: 3204.995590, ActionPPL: 1.619403, WordPPL: 2.531797
2025-05-20 22:31:22,521:__main__:INFO: --------------------------------
2025-05-20 22:31:22,521:__main__:INFO: Checking validation perplexity...
2025-05-20 22:32:02,257:__main__:INFO: PPL: 1.825972, Loss: 2717.991853, ActionPPL: 1.616181, WordPPL: 2.505237
2025-05-20 22:32:02,259:__main__:INFO: --------------------------------
2025-05-20 22:32:02,260:__main__:INFO: Saving checkpoint to /localscratch/jairiley.61554493.0/rnng_pos.pt
2025-05-20 22:32:02,376:__main__:INFO: Starting epoch 3
2025-05-20 22:41:11,199:__main__:INFO: Epoch: 3, Batch: 500/1236, LR: 0.0005, ActionPPL: 1.63, WordPPL: 2.57, PPL: 1.849309, LL: 1628709.3791503906, |Param|: 161.75, E[batch size]: 64.0, Throughput: 58.31 examples/sec
2025-05-20 22:50:14,718:__main__:INFO: Epoch: 3, Batch: 1000/1236, LR: 0.0005, ActionPPL: 1.63, WordPPL: 2.57, PPL: 1.847901, LL: 1615436.3626708984, |Param|: 163.66, E[batch size]: 64.0, Throughput: 58.59 examples/sec
2025-05-20 22:54:31,660:__main__:INFO: Epoch: 3, Batch: 1236/1236, LR: 0.0005, ActionPPL: 1.63, WordPPL: 2.57, PPL: 1.846748, LL: 765849.0317382812, |Param|: 164.50, E[batch size]: 63.996763754045304, Throughput: 58.62 examples/sec
2025-05-20 22:54:31,688:__main__:INFO: --------------------------------
2025-05-20 22:54:31,688:__main__:INFO: Checking training perplexity...
2025-05-20 23:03:37,423:__main__:INFO: PPL: 1.818062, Loss: 3161.532560, ActionPPL: 1.608015, WordPPL: 2.503492
2025-05-20 23:03:37,556:__main__:INFO: --------------------------------
2025-05-20 23:03:37,557:__main__:INFO: Checking validation perplexity...
2025-05-20 23:04:16,830:__main__:INFO: PPL: 1.812257, Loss: 2683.957159, ActionPPL: 1.606556, WordPPL: 2.476346
2025-05-20 23:04:16,832:__main__:INFO: --------------------------------
2025-05-20 23:04:16,833:__main__:INFO: Saving checkpoint to /localscratch/jairiley.61554493.0/rnng_pos.pt
2025-05-20 23:04:16,947:__main__:INFO: Starting epoch 4
2025-05-20 23:13:22,710:__main__:INFO: Epoch: 4, Batch: 500/1236, LR: 0.0005, ActionPPL: 1.62, WordPPL: 2.55, PPL: 1.838682, LL: 1610506.275390625, |Param|: 166.39, E[batch size]: 64.0, Throughput: 58.63 examples/sec
2025-05-20 23:22:39,286:__main__:INFO: Epoch: 4, Batch: 1000/1236, LR: 0.0005, ActionPPL: 1.62, WordPPL: 2.54, PPL: 1.836018, LL: 1601465.3862304688, |Param|: 168.14, E[batch size]: 64.0, Throughput: 58.06 examples/sec
2025-05-20 23:27:03,860:__main__:INFO: Epoch: 4, Batch: 1236/1236, LR: 0.0005, ActionPPL: 1.62, WordPPL: 2.54, PPL: 1.834628, LL: 754978.9537353516, |Param|: 168.93, E[batch size]: 63.996763754045304, Throughput: 57.87 examples/sec
2025-05-20 23:27:03,893:__main__:INFO: --------------------------------
2025-05-20 23:27:03,893:__main__:INFO: Checking training perplexity...
2025-05-20 23:36:24,349:__main__:INFO: PPL: 1.809260, Loss: 3135.866467, ActionPPL: 1.603028, WordPPL: 2.480058
2025-05-20 23:36:24,419:__main__:INFO: --------------------------------
2025-05-20 23:36:24,419:__main__:INFO: Checking validation perplexity...
2025-05-20 23:37:04,890:__main__:INFO: PPL: 1.806571, Loss: 2669.773216, ActionPPL: 1.603793, WordPPL: 2.459505
2025-05-20 23:37:04,900:__main__:INFO: --------------------------------
2025-05-20 23:37:04,901:__main__:INFO: Saving checkpoint to /localscratch/jairiley.61554493.0/rnng_pos.pt
2025-05-20 23:37:05,015:__main__:INFO: Starting epoch 5
2025-05-20 23:46:21,150:__main__:INFO: Epoch: 5, Batch: 500/1236, LR: 0.0005, ActionPPL: 1.61, WordPPL: 2.53, PPL: 1.827287, LL: 1593081.7100830078, |Param|: 170.70, E[batch size]: 64.0, Throughput: 57.54 examples/sec
2025-05-20 23:55:39,347:__main__:INFO: Epoch: 5, Batch: 1000/1236, LR: 0.0005, ActionPPL: 1.61, WordPPL: 2.53, PPL: 1.827181, LL: 1588335.2639160156, |Param|: 172.30, E[batch size]: 64.0, Throughput: 57.43 examples/sec
2025-05-21 00:00:03,261:__main__:INFO: Epoch: 5, Batch: 1236/1236, LR: 0.0005, ActionPPL: 1.61, WordPPL: 2.52, PPL: 1.826611, LL: 756904.275390625, |Param|: 173.05, E[batch size]: 63.996763754045304, Throughput: 57.39 examples/sec
2025-05-21 00:00:03,286:__main__:INFO: --------------------------------
2025-05-21 00:00:03,286:__main__:INFO: Checking training perplexity...
2025-05-21 00:09:24,833:__main__:INFO: PPL: 1.803158, Loss: 3117.998087, ActionPPL: 1.597165, WordPPL: 2.473537
2025-05-21 00:09:24,877:__main__:INFO: --------------------------------
2025-05-21 00:09:24,877:__main__:INFO: Checking validation perplexity...
2025-05-21 00:10:05,330:__main__:INFO: PPL: 1.801606, Loss: 2657.348150, ActionPPL: 1.598610, WordPPL: 2.455825
2025-05-21 00:10:05,331:__main__:INFO: --------------------------------
2025-05-21 00:10:05,332:__main__:INFO: Saving checkpoint to /localscratch/jairiley.61554493.0/rnng_pos.pt
2025-05-21 00:10:05,445:__main__:INFO: Starting epoch 6
2025-05-21 00:19:21,441:__main__:INFO: Epoch: 6, Batch: 500/1236, LR: 0.0005, ActionPPL: 1.61, WordPPL: 2.51, PPL: 1.820526, LL: 1581722.4871826172, |Param|: 174.68, E[batch size]: 64.0, Throughput: 57.55 examples/sec
2025-05-21 00:28:29,300:__main__:INFO: Epoch: 6, Batch: 1000/1236, LR: 0.0005, ActionPPL: 1.61, WordPPL: 2.51, PPL: 1.820765, LL: 1583772.0245361328, |Param|: 176.21, E[batch size]: 64.0, Throughput: 57.98 examples/sec
2025-05-21 00:32:46,263:__main__:INFO: Epoch: 6, Batch: 1236/1236, LR: 0.0005, ActionPPL: 1.61, WordPPL: 2.51, PPL: 1.820630, LL: 751386.0816650391, |Param|: 176.90, E[batch size]: 63.996763754045304, Throughput: 58.13 examples/sec
2025-05-21 00:32:46,325:__main__:INFO: --------------------------------
2025-05-21 00:32:46,325:__main__:INFO: Checking training perplexity...
2025-05-21 00:41:52,094:__main__:INFO: PPL: 1.797113, Loss: 3100.236900, ActionPPL: 1.593525, WordPPL: 2.458335
2025-05-21 00:41:52,123:__main__:INFO: --------------------------------
2025-05-21 00:41:52,123:__main__:INFO: Checking validation perplexity...
2025-05-21 00:42:31,726:__main__:INFO: PPL: 1.798113, Loss: 2648.588429, ActionPPL: 1.596331, WordPPL: 2.447800
2025-05-21 00:42:31,728:__main__:INFO: --------------------------------
2025-05-21 00:42:31,729:__main__:INFO: Saving checkpoint to /localscratch/jairiley.61554493.0/rnng_pos.pt
2025-05-21 00:42:31,844:__main__:INFO: Starting epoch 7
2025-05-21 00:51:30,523:__main__:INFO: Epoch: 7, Batch: 500/1236, LR: 0.0005, ActionPPL: 1.60, WordPPL: 2.50, PPL: 1.815041, LL: 1573490.8924560547, |Param|: 178.44, E[batch size]: 64.0, Throughput: 59.40 examples/sec
2025-05-21 01:00:34,836:__main__:INFO: Epoch: 7, Batch: 1000/1236, LR: 0.0005, ActionPPL: 1.60, WordPPL: 2.50, PPL: 1.814737, LL: 1578861.4490966797, |Param|: 179.90, E[batch size]: 64.0, Throughput: 59.10 examples/sec
2025-05-21 01:04:49,078:__main__:INFO: Epoch: 7, Batch: 1236/1236, LR: 0.0005, ActionPPL: 1.61, WordPPL: 2.50, PPL: 1.815754, LL: 746998.2956542969, |Param|: 180.56, E[batch size]: 63.996763754045304, Throughput: 59.15 examples/sec
2025-05-21 01:04:49,119:__main__:INFO: --------------------------------
2025-05-21 01:04:49,119:__main__:INFO: Checking training perplexity...
2025-05-21 01:13:55,179:__main__:INFO: PPL: 1.794240, Loss: 3091.776253, ActionPPL: 1.590155, WordPPL: 2.457717
2025-05-21 01:13:55,203:__main__:INFO: --------------------------------
2025-05-21 01:13:55,204:__main__:INFO: Checking validation perplexity...
2025-05-21 01:14:34,562:__main__:INFO: PPL: 1.796793, Loss: 2645.274168, ActionPPL: 1.594162, WordPPL: 2.449973
2025-05-21 01:14:34,564:__main__:INFO: --------------------------------
2025-05-21 01:14:34,565:__main__:INFO: Saving checkpoint to /localscratch/jairiley.61554493.0/rnng_pos.pt
2025-05-21 01:14:34,683:__main__:INFO: Starting epoch 8
2025-05-21 01:23:37,892:__main__:INFO: Epoch: 8, Batch: 500/1236, LR: 0.0005, ActionPPL: 1.60, WordPPL: 2.50, PPL: 1.812547, LL: 1574012.7486572266, |Param|: 182.07, E[batch size]: 64.0, Throughput: 58.91 examples/sec
2025-05-21 01:32:39,366:__main__:INFO: Epoch: 8, Batch: 1000/1236, LR: 0.0005, ActionPPL: 1.60, WordPPL: 2.49, PPL: 1.811823, LL: 1572014.0792236328, |Param|: 183.47, E[batch size]: 64.0, Throughput: 59.00 examples/sec
2025-05-21 01:36:56,732:__main__:INFO: Epoch: 8, Batch: 1236/1236, LR: 0.0005, ActionPPL: 1.60, WordPPL: 2.49, PPL: 1.811809, LL: 739104.1467285156, |Param|: 184.09, E[batch size]: 63.996763754045304, Throughput: 58.94 examples/sec
2025-05-21 01:36:56,744:__main__:INFO: --------------------------------
2025-05-21 01:36:56,744:__main__:INFO: Checking training perplexity...
2025-05-21 01:46:02,817:__main__:INFO: PPL: 1.788930, Loss: 3076.100051, ActionPPL: 1.587466, WordPPL: 2.442338
2025-05-21 01:46:02,861:__main__:INFO: --------------------------------
2025-05-21 01:46:02,861:__main__:INFO: Checking validation perplexity...
2025-05-21 01:46:42,301:__main__:INFO: PPL: 1.793138, Loss: 2636.081862, ActionPPL: 1.592747, WordPPL: 2.437726
2025-05-21 01:46:42,303:__main__:INFO: --------------------------------
2025-05-21 01:46:42,303:__main__:INFO: Saving checkpoint to /localscratch/jairiley.61554493.0/rnng_pos.pt
2025-05-21 01:46:42,417:__main__:INFO: Starting epoch 9
2025-05-21 01:55:45,594:__main__:INFO: Epoch: 9, Batch: 500/1236, LR: 0.0005, ActionPPL: 1.60, WordPPL: 2.48, PPL: 1.809525, LL: 1567266.3376464844, |Param|: 185.55, E[batch size]: 64.0, Throughput: 58.91 examples/sec
2025-05-21 02:04:45,344:__main__:INFO: Epoch: 9, Batch: 1000/1236, LR: 0.0005, ActionPPL: 1.60, WordPPL: 2.49, PPL: 1.809126, LL: 1565086.8884277344, |Param|: 186.89, E[batch size]: 64.0, Throughput: 59.10 examples/sec
2025-05-21 02:09:04,395:__main__:INFO: Epoch: 9, Batch: 1236/1236, LR: 0.0005, ActionPPL: 1.60, WordPPL: 2.49, PPL: 1.808520, LL: 740902.2524414062, |Param|: 187.52, E[batch size]: 63.996763754045304, Throughput: 58.94 examples/sec
2025-05-21 02:09:04,443:__main__:INFO: --------------------------------
2025-05-21 02:09:04,444:__main__:INFO: Checking training perplexity...
2025-05-21 02:18:09,452:__main__:INFO: PPL: 1.786252, Loss: 3068.175640, ActionPPL: 1.585764, WordPPL: 2.435977
2025-05-21 02:18:09,512:__main__:INFO: --------------------------------
2025-05-21 02:18:09,512:__main__:INFO: Checking validation perplexity...
2025-05-21 02:18:48,950:__main__:INFO: PPL: 1.791891, Loss: 2632.941704, ActionPPL: 1.591599, WordPPL: 2.436191
2025-05-21 02:18:48,969:__main__:INFO: --------------------------------
2025-05-21 02:18:48,969:__main__:INFO: Saving checkpoint to /localscratch/jairiley.61554493.0/rnng_pos.pt
2025-05-21 02:18:49,088:__main__:INFO: Starting epoch 10
2025-05-21 02:27:50,607:__main__:INFO: Epoch: 10, Batch: 500/1236, LR: 0.0005, ActionPPL: 1.60, WordPPL: 2.48, PPL: 1.805435, LL: 1560191.5886230469, |Param|: 188.94, E[batch size]: 64.0, Throughput: 59.09 examples/sec
2025-05-21 02:36:53,079:__main__:INFO: Epoch: 10, Batch: 1000/1236, LR: 0.0005, ActionPPL: 1.60, WordPPL: 2.48, PPL: 1.805637, LL: 1564200.4555664062, |Param|: 190.25, E[batch size]: 64.0, Throughput: 59.04 examples/sec
2025-05-21 02:41:08,366:__main__:INFO: Epoch: 10, Batch: 1236/1236, LR: 0.0005, ActionPPL: 1.60, WordPPL: 2.48, PPL: 1.805676, LL: 738576.8010253906, |Param|: 190.84, E[batch size]: 63.996763754045304, Throughput: 59.06 examples/sec
2025-05-21 02:41:08,380:__main__:INFO: --------------------------------
2025-05-21 02:41:08,380:__main__:INFO: Checking training perplexity...
2025-05-21 02:50:13,709:__main__:INFO: PPL: 1.782559, Loss: 3057.229753, ActionPPL: 1.583024, WordPPL: 2.428787
2025-05-21 02:50:13,762:__main__:INFO: --------------------------------
2025-05-21 02:50:13,762:__main__:INFO: Checking validation perplexity...
2025-05-21 02:50:53,259:__main__:INFO: PPL: 1.789510, Loss: 2626.938412, ActionPPL: 1.590445, WordPPL: 2.429143
2025-05-21 02:50:53,261:__main__:INFO: --------------------------------
2025-05-21 02:50:53,261:__main__:INFO: Saving checkpoint to /localscratch/jairiley.61554493.0/rnng_pos.pt
2025-05-21 02:50:53,404:__main__:INFO: Finished training!
333.0:33.411709785461426
